{"uid":"20fef5984bd6991","name":"Добавление в корзину нескольких единиц одного товара","fullName":"tests.test_product_page.TestProductPage#test_add_multiple_units_of_the_same_product","historyId":"748e44609fbb220b2b6d7ad34c7ed3d0","time":{"start":1767787911844,"stop":1767787927455,"duration":15611},"status":"broken","statusMessage":"selenium.common.exceptions.TimeoutException: Message:","statusTrace":"self = <test_product_page.TestProductPage object at 0x7f97a26f5050>\nexp_quan = 4, pre_goto_prod_page = None\n\n    @allure.title('Добавление в корзину нескольких единиц одного товара')\n    @allure.severity(allure.severity_level.CRITICAL)\n    @pytest.mark.parametrize('exp_quan', [1, 2, 3, 4, 5, 6, 7])\n    def test_add_multiple_units_of_the_same_product(self, exp_quan, pre_goto_prod_page):\n>       self.product_page.add_multiple_units_of_prod(quantity=exp_quan)\n\ntests/test_product_page.py:25: \n_ _ _ _ _ _ _ _ _ _ _ _ _ _ _ _ _ _ _ _ _ _ _ _ _ _ _ _ _ _ _ _ _ _ _ _ _ _ _ _ \npages/product_page.py:111: in add_multiple_units_of_prod\n    self.wait.until(self.ec.text_to_be_present_in_element_attribute(\n_ _ _ _ _ _ _ _ _ _ _ _ _ _ _ _ _ _ _ _ _ _ _ _ _ _ _ _ _ _ _ _ _ _ _ _ _ _ _ _ \n\nself = <selenium.webdriver.support.wait.WebDriverWait (session=\"b674cce37e966df2f45f1f9987c9d1b3\")>\nmethod = <function text_to_be_present_in_element_attribute.<locals>._predicate at 0x7f97a27247c0>\nmessage = ''\n\n    def until(self, method: Callable[[D], Union[Literal[False], T]], message: str = \"\") -> T:\n        \"\"\"Wait until the method returns a value that is not False.\n    \n        Calls the method provided with the driver as an argument until the\n        return value does not evaluate to ``False``.\n    \n        Parameters:\n        -----------\n        method: callable(WebDriver)\n            - A callable object that takes a WebDriver instance as an argument.\n    \n        message: str\n            - Optional message for :exc:`TimeoutException`\n    \n        Return:\n        -------\n        object: T\n            - The result of the last call to `method`\n    \n        Raises:\n        -------\n        TimeoutException\n            - If 'method' does not return a truthy value within the WebDriverWait\n            object's timeout\n    \n        Example:\n        --------\n        >>> from selenium.webdriver.common.by import By\n        >>> from selenium.webdriver.support.ui import WebDriverWait\n        >>> from selenium.webdriver.support import expected_conditions as EC\n    \n        # Wait until an element is visible on the page\n        >>> wait = WebDriverWait(driver, 10)\n        >>> element = wait.until(EC.visibility_of_element_located((By.ID, \"exampleId\")))\n        >>> print(element.text)\n        \"\"\"\n        screen = None\n        stacktrace = None\n    \n        end_time = time.monotonic() + self._timeout\n        while True:\n            try:\n                value = method(self._driver)\n                if value:\n                    return value\n            except self._ignored_exceptions as exc:\n                screen = getattr(exc, \"screen\", None)\n                stacktrace = getattr(exc, \"stacktrace\", None)\n            if time.monotonic() > end_time:\n                break\n            time.sleep(self._poll)\n>       raise TimeoutException(message, screen, stacktrace)\nE       selenium.common.exceptions.TimeoutException: Message:\n\n../local/lib/python3.11/site-packages/selenium/webdriver/support/wait.py:138: TimeoutException","flaky":false,"newFailed":false,"newBroken":false,"newPassed":false,"retriesCount":0,"retriesStatusChange":false,"beforeStages":[{"name":"_session_faker","time":{"start":1767787843495,"stop":1767787843496,"duration":1},"status":"passed","steps":[],"attachments":[],"parameters":[],"shouldDisplayMessage":false,"stepsCount":0,"attachmentsCount":0,"hasContent":false,"attachmentStep":false},{"name":"browser","time":{"start":1767787908095,"stop":1767787908471,"duration":376},"status":"passed","steps":[{"name":"Запуск браузера: chrome.","time":{"start":1767787908095,"stop":1767787908452,"duration":357},"status":"passed","steps":[{"name":"Браузер запущен в фоновом режиме","time":{"start":1767787908095,"stop":1767787908095,"duration":0},"status":"passed","steps":[],"attachments":[],"parameters":[],"shouldDisplayMessage":false,"stepsCount":0,"attachmentsCount":0,"hasContent":false,"attachmentStep":false}],"attachments":[],"parameters":[],"shouldDisplayMessage":false,"stepsCount":1,"attachmentsCount":0,"hasContent":true,"attachmentStep":false}],"attachments":[],"parameters":[],"shouldDisplayMessage":false,"stepsCount":2,"attachmentsCount":0,"hasContent":true,"attachmentStep":false},{"name":"setup","time":{"start":1767787908471,"stop":1767787908474,"duration":3},"status":"passed","steps":[],"attachments":[],"parameters":[],"shouldDisplayMessage":false,"stepsCount":0,"attachmentsCount":0,"hasContent":false,"attachmentStep":false},{"name":"pre_goto_prod_page","time":{"start":1767787908474,"stop":1767787911844,"duration":3370},"status":"passed","steps":[{"name":"Открыть страницу: http://testshop.qa-practice.com/","time":{"start":1767787908474,"stop":1767787910688,"duration":2214},"status":"passed","steps":[],"attachments":[],"parameters":[],"shouldDisplayMessage":false,"stepsCount":0,"attachmentsCount":0,"hasContent":false,"attachmentStep":false},{"name":"Страница http://testshop.qa-practice.com/ открыта","time":{"start":1767787910688,"stop":1767787910692,"duration":4},"status":"passed","steps":[],"attachments":[],"parameters":[],"shouldDisplayMessage":false,"stepsCount":0,"attachmentsCount":0,"hasContent":false,"attachmentStep":false},{"name":"Выбрать товар: Drawer Black","time":{"start":1767787910773,"stop":1767787911844,"duration":1071},"status":"passed","steps":[],"attachments":[],"parameters":[],"shouldDisplayMessage":false,"stepsCount":0,"attachmentsCount":0,"hasContent":false,"attachmentStep":false}],"attachments":[],"parameters":[],"shouldDisplayMessage":false,"stepsCount":3,"attachmentsCount":0,"hasContent":true,"attachmentStep":false}],"testStage":{"status":"broken","statusMessage":"selenium.common.exceptions.TimeoutException: Message:","statusTrace":"self = <test_product_page.TestProductPage object at 0x7f97a26f5050>\nexp_quan = 4, pre_goto_prod_page = None\n\n    @allure.title('Добавление в корзину нескольких единиц одного товара')\n    @allure.severity(allure.severity_level.CRITICAL)\n    @pytest.mark.parametrize('exp_quan', [1, 2, 3, 4, 5, 6, 7])\n    def test_add_multiple_units_of_the_same_product(self, exp_quan, pre_goto_prod_page):\n>       self.product_page.add_multiple_units_of_prod(quantity=exp_quan)\n\ntests/test_product_page.py:25: \n_ _ _ _ _ _ _ _ _ _ _ _ _ _ _ _ _ _ _ _ _ _ _ _ _ _ _ _ _ _ _ _ _ _ _ _ _ _ _ _ \npages/product_page.py:111: in add_multiple_units_of_prod\n    self.wait.until(self.ec.text_to_be_present_in_element_attribute(\n_ _ _ _ _ _ _ _ _ _ _ _ _ _ _ _ _ _ _ _ _ _ _ _ _ _ _ _ _ _ _ _ _ _ _ _ _ _ _ _ \n\nself = <selenium.webdriver.support.wait.WebDriverWait (session=\"b674cce37e966df2f45f1f9987c9d1b3\")>\nmethod = <function text_to_be_present_in_element_attribute.<locals>._predicate at 0x7f97a27247c0>\nmessage = ''\n\n    def until(self, method: Callable[[D], Union[Literal[False], T]], message: str = \"\") -> T:\n        \"\"\"Wait until the method returns a value that is not False.\n    \n        Calls the method provided with the driver as an argument until the\n        return value does not evaluate to ``False``.\n    \n        Parameters:\n        -----------\n        method: callable(WebDriver)\n            - A callable object that takes a WebDriver instance as an argument.\n    \n        message: str\n            - Optional message for :exc:`TimeoutException`\n    \n        Return:\n        -------\n        object: T\n            - The result of the last call to `method`\n    \n        Raises:\n        -------\n        TimeoutException\n            - If 'method' does not return a truthy value within the WebDriverWait\n            object's timeout\n    \n        Example:\n        --------\n        >>> from selenium.webdriver.common.by import By\n        >>> from selenium.webdriver.support.ui import WebDriverWait\n        >>> from selenium.webdriver.support import expected_conditions as EC\n    \n        # Wait until an element is visible on the page\n        >>> wait = WebDriverWait(driver, 10)\n        >>> element = wait.until(EC.visibility_of_element_located((By.ID, \"exampleId\")))\n        >>> print(element.text)\n        \"\"\"\n        screen = None\n        stacktrace = None\n    \n        end_time = time.monotonic() + self._timeout\n        while True:\n            try:\n                value = method(self._driver)\n                if value:\n                    return value\n            except self._ignored_exceptions as exc:\n                screen = getattr(exc, \"screen\", None)\n                stacktrace = getattr(exc, \"stacktrace\", None)\n            if time.monotonic() > end_time:\n                break\n            time.sleep(self._poll)\n>       raise TimeoutException(message, screen, stacktrace)\nE       selenium.common.exceptions.TimeoutException: Message:\n\n../local/lib/python3.11/site-packages/selenium/webdriver/support/wait.py:138: TimeoutException","steps":[{"name":"Добавить несколько единиц одного товара","time":{"start":1767787911844,"stop":1767787927454,"duration":15610},"status":"broken","statusMessage":"selenium.common.exceptions.TimeoutException: Message: \n\n","statusTrace":"  File \"/usr/workspace/pages/product_page.py\", line 111, in add_multiple_units_of_prod\n    self.wait.until(self.ec.text_to_be_present_in_element_attribute(\n  File \"/usr/local/lib/python3.11/site-packages/selenium/webdriver/support/wait.py\", line 138, in until\n    raise TimeoutException(message, screen, stacktrace)\n","steps":[],"attachments":[],"parameters":[],"shouldDisplayMessage":true,"stepsCount":0,"attachmentsCount":0,"hasContent":true,"attachmentStep":false}],"attachments":[],"parameters":[],"shouldDisplayMessage":true,"stepsCount":1,"attachmentsCount":0,"hasContent":true,"attachmentStep":false},"afterStages":[{"name":"browser::0","time":{"start":1767787927509,"stop":1767787927583,"duration":74},"status":"passed","steps":[],"attachments":[],"parameters":[],"shouldDisplayMessage":false,"stepsCount":0,"attachmentsCount":0,"hasContent":false,"attachmentStep":false}],"labels":[{"name":"suite","value":"Страница товара"},{"name":"severity","value":"critical"},{"name":"parentSuite","value":"tests"},{"name":"subSuite","value":"TestProductPage"},{"name":"host","value":"9c4e3683cae2"},{"name":"thread","value":"10-MainThread"},{"name":"framework","value":"pytest"},{"name":"language","value":"cpython3"},{"name":"package","value":"tests.test_product_page"},{"name":"resultFormat","value":"allure2"}],"parameters":[{"name":"exp_quan","value":"4"}],"links":[],"hidden":true,"retry":true,"extra":{"categories":[],"tags":[]},"source":"20fef5984bd6991.json","parameterValues":["4"]}