{"uid":"ae0881ce8d249beb","name":"Количество единиц товара и итоговая стоимость в модалке корректные","fullName":"tests.test_product_page.TestProductPage#test_should_be_correct_unit_quan_and_total_price_in_modal","historyId":"7822a6014b5f35e62256be5ebe4705fd","time":{"start":1767787923168,"stop":1767787923168,"duration":0},"status":"broken","statusMessage":"selenium.common.exceptions.SessionNotCreatedException: Message: session not created: Chrome instance exited. Examine ChromeDriver verbose log to determine the cause.; For documentation on this error, please visit: https://www.selenium.dev/documentation/webdriver/troubleshooting/errors#sessionnotcreatedexception\nStacktrace:\n#0 0x5631d810240a <unknown>\n#1 0x5631d7b3676b <unknown>\n#2 0x5631d7b7088d <unknown>\n#3 0x5631d7b6c243 <unknown>\n#4 0x5631d7bbbdcc <unknown>\n#5 0x5631d7bbb4ec <unknown>\n#6 0x5631d7b7a7b2 <unknown>\n#7 0x5631d7b7b461 <unknown>\n#8 0x5631d80cadf9 <unknown>\n#9 0x5631d80cdd5d <unknown>\n#10 0x5631d80b3b41 <unknown>\n#11 0x5631d80ce93b <unknown>\n#12 0x5631d809a870 <unknown>\n#13 0x5631d80ef828 <unknown>\n#14 0x5631d80ef9fc <unknown>\n#15 0x5631d8101763 <unknown>\n#16 0x7f50ab74b1f5 <unknown>","statusTrace":"request = <SubRequest 'browser' for <Function test_should_be_correct_unit_quan_and_total_price_in_modal[15]>>\n\n    @pytest.fixture(scope=\"function\")\n    def browser(request):\n        browser_name = request.config.getoption(\"browser\")\n        headless = request.config.getoption(\"--headless\")\n        github_actions = request.config.getoption(\"--github_actions\")\n        browser = None\n    \n        with allure.step(f\"Запуск браузера: {browser_name}.\"):\n            if browser_name == \"chrome\":\n                chrome_options = ChromeOptions()\n                chrome_options.add_argument(\"--disable-notifications\")\n                if headless:\n                    with allure.step(\"Браузер запущен в фоновом режиме\"):\n                        chrome_options.add_argument('--headless')\n                        chrome_options.add_argument('--disable-gpu')\n                        chrome_options.add_argument('--no-sandbox')\n                        chrome_options.add_argument('--disable-dev-shm-usage')\n>               browser = webdriver.Chrome(options=chrome_options)\n                          ^^^^^^^^^^^^^^^^^^^^^^^^^^^^^^^^^^^^^^^^\n\nconftest.py:42: \n_ _ _ _ _ _ _ _ _ _ _ _ _ _ _ _ _ _ _ _ _ _ _ _ _ _ _ _ _ _ _ _ _ _ _ _ _ _ _ _ \n../local/lib/python3.11/site-packages/selenium/webdriver/chrome/webdriver.py:47: in __init__\n    super().__init__(\n../local/lib/python3.11/site-packages/selenium/webdriver/chromium/webdriver.py:69: in __init__\n    super().__init__(command_executor=executor, options=options)\n../local/lib/python3.11/site-packages/selenium/webdriver/remote/webdriver.py:263: in __init__\n    self.start_session(capabilities)\n../local/lib/python3.11/site-packages/selenium/webdriver/remote/webdriver.py:366: in start_session\n    response = self.execute(Command.NEW_SESSION, caps)[\"value\"]\n               ^^^^^^^^^^^^^^^^^^^^^^^^^^^^^^^^^^^^^^^\n../local/lib/python3.11/site-packages/selenium/webdriver/remote/webdriver.py:458: in execute\n    self.error_handler.check_response(response)\n_ _ _ _ _ _ _ _ _ _ _ _ _ _ _ _ _ _ _ _ _ _ _ _ _ _ _ _ _ _ _ _ _ _ _ _ _ _ _ _ \n\nself = <selenium.webdriver.remote.errorhandler.ErrorHandler object at 0x7fe1d28732d0>\nresponse = {'status': 500, 'value': '{\"value\":{\"error\":\"session not created\",\"message\":\"session not created: Chrome instance exit...\\\\n#14 0x5631d80ef9fc \\\\u003Cunknown>\\\\n#15 0x5631d8101763 \\\\u003Cunknown>\\\\n#16 0x7f50ab74b1f5 \\\\u003Cunknown>\\\\n\"}}'}\n\n    def check_response(self, response: dict[str, Any]) -> None:\n        \"\"\"Checks that a JSON response from the WebDriver does not have an\n        error.\n    \n        :Args:\n         - response - The JSON response from the WebDriver server as a dictionary\n           object.\n    \n        :Raises: If the response contains an error message.\n        \"\"\"\n        status = response.get(\"status\", None)\n        if not status or status == ErrorCode.SUCCESS:\n            return\n        value = None\n        message = response.get(\"message\", \"\")\n        screen: str = response.get(\"screen\", \"\")\n        stacktrace = None\n        if isinstance(status, int):\n            value_json = response.get(\"value\", None)\n            if value_json and isinstance(value_json, str):\n                try:\n                    value = json.loads(value_json)\n                    if isinstance(value, dict):\n                        if len(value) == 1:\n                            value = value[\"value\"]\n                        status = value.get(\"error\", None)\n                        if not status:\n                            status = value.get(\"status\", ErrorCode.UNKNOWN_ERROR)\n                            message = value.get(\"value\") or value.get(\"message\")\n                            if not isinstance(message, str):\n                                value = message\n                                message = message.get(\"message\")\n                        else:\n                            message = value.get(\"message\", None)\n                except ValueError:\n                    pass\n    \n        exception_class: type[WebDriverException]\n        e = ErrorCode()\n        error_codes = [item for item in dir(e) if not item.startswith(\"__\")]\n        for error_code in error_codes:\n            error_info = getattr(ErrorCode, error_code)\n            if isinstance(error_info, list) and status in error_info:\n                exception_class = getattr(ExceptionMapping, error_code, WebDriverException)\n                break\n        else:\n            exception_class = WebDriverException\n    \n        if not value:\n            value = response[\"value\"]\n        if isinstance(value, str):\n            raise exception_class(value)\n        if message == \"\" and \"message\" in value:\n            message = value[\"message\"]\n    \n        screen = None  # type: ignore[assignment]\n        if \"screen\" in value:\n            screen = value[\"screen\"]\n    \n        stacktrace = None\n        st_value = value.get(\"stackTrace\") or value.get(\"stacktrace\")\n        if st_value:\n            if isinstance(st_value, str):\n                stacktrace = st_value.split(\"\\n\")\n            else:\n                stacktrace = []\n                try:\n                    for frame in st_value:\n                        line = frame.get(\"lineNumber\", \"\")\n                        file = frame.get(\"fileName\", \"<anonymous>\")\n                        if line:\n                            file = f\"{file}:{line}\"\n                        meth = frame.get(\"methodName\", \"<anonymous>\")\n                        if \"className\" in frame:\n                            meth = f\"{frame['className']}.{meth}\"\n                        msg = \"    at %s (%s)\"\n                        msg = msg % (meth, file)\n                        stacktrace.append(msg)\n                except TypeError:\n                    pass\n        if exception_class == UnexpectedAlertPresentException:\n            alert_text = None\n            if \"data\" in value:\n                alert_text = value[\"data\"].get(\"text\")\n            elif \"alert\" in value:\n                alert_text = value[\"alert\"].get(\"text\")\n            raise exception_class(message, screen, stacktrace, alert_text)  # type: ignore[call-arg]  # mypy is not smart enough here\n>       raise exception_class(message, screen, stacktrace)\nE       selenium.common.exceptions.SessionNotCreatedException: Message: session not created: Chrome instance exited. Examine ChromeDriver verbose log to determine the cause.; For documentation on this error, please visit: https://www.selenium.dev/documentation/webdriver/troubleshooting/errors#sessionnotcreatedexception\nE       Stacktrace:\nE       #0 0x5631d810240a <unknown>\nE       #1 0x5631d7b3676b <unknown>\nE       #2 0x5631d7b7088d <unknown>\nE       #3 0x5631d7b6c243 <unknown>\nE       #4 0x5631d7bbbdcc <unknown>\nE       #5 0x5631d7bbb4ec <unknown>\nE       #6 0x5631d7b7a7b2 <unknown>\nE       #7 0x5631d7b7b461 <unknown>\nE       #8 0x5631d80cadf9 <unknown>\nE       #9 0x5631d80cdd5d <unknown>\nE       #10 0x5631d80b3b41 <unknown>\nE       #11 0x5631d80ce93b <unknown>\nE       #12 0x5631d809a870 <unknown>\nE       #13 0x5631d80ef828 <unknown>\nE       #14 0x5631d80ef9fc <unknown>\nE       #15 0x5631d8101763 <unknown>\nE       #16 0x7f50ab74b1f5 <unknown>\n\n../local/lib/python3.11/site-packages/selenium/webdriver/remote/errorhandler.py:232: SessionNotCreatedException","flaky":false,"newFailed":false,"newBroken":false,"newPassed":false,"retriesCount":0,"retriesStatusChange":false,"beforeStages":[{"name":"_session_faker","time":{"start":1767787843490,"stop":1767787843492,"duration":2},"status":"passed","steps":[],"attachments":[],"parameters":[],"shouldDisplayMessage":false,"stepsCount":0,"attachmentsCount":0,"hasContent":false,"attachmentStep":false},{"name":"browser","time":{"start":1767787923168,"stop":1767787924060,"duration":892},"status":"broken","statusMessage":"selenium.common.exceptions.SessionNotCreatedException: Message: session not created: Chrome instance exited. Examine ChromeDriver verbose log to determine the cause.; For documentation on this error, please visit: https://www.selenium.dev/documentation/webdriver/troubleshooting/errors#sessionnotcreatedexception\nStacktrace:\n#0 0x5631d810240a <unknown>\n#1 0x5631d7b3676b <unknown>\n#2 0x5631d7b7088d <unknown>\n#3 0x5631d7b6c243 <unknown>\n#4 0x5631d7bbbdcc <unknown>\n#5 0x5631d7bbb4ec <unknown>\n#6 0x5631d7b7a7b2 <unknown>\n#7 0x5631d7b7b461 <unknown>\n#8 0x5631d80cadf9 <unknown>\n#9 0x5631d80cdd5d <unknown>\n#10 0x5631d80b3b41 <unknown>\n#11 0x5631d80ce93b <unknown>\n#12 0x5631d809a870 <unknown>\n#13 0x5631d80ef828 <unknown>\n#14 0x5631d80ef9fc <unknown>\n#15 0x5631d8101763 <unknown>\n#16 0x7f50ab74b1f5 <unknown>\n\n","statusTrace":"  File \"/usr/local/lib/python3.11/site-packages/pluggy/_callers.py\", line 38, in run_old_style_hookwrapper\n    res = yield\n          ^^^^^\n  File \"/usr/local/lib/python3.11/site-packages/pluggy/_callers.py\", line 139, in _multicall\n    teardown.throw(exception)\n  File \"/usr/local/lib/python3.11/site-packages/_pytest/setuponly.py\", line 36, in pytest_fixture_setup\n    return (yield)\n            ^^^^^\n  File \"/usr/local/lib/python3.11/site-packages/pluggy/_callers.py\", line 121, in _multicall\n    res = hook_impl.function(*args)\n          ^^^^^^^^^^^^^^^^^^^^^^^^^\n  File \"/usr/local/lib/python3.11/site-packages/_pytest/fixtures.py\", line 1195, in pytest_fixture_setup\n    result = call_fixture_func(fixturefunc, request, kwargs)\n             ^^^^^^^^^^^^^^^^^^^^^^^^^^^^^^^^^^^^^^^^^^^^^^^\n  File \"/usr/local/lib/python3.11/site-packages/_pytest/fixtures.py\", line 922, in call_fixture_func\n    fixture_result = next(generator)\n                     ^^^^^^^^^^^^^^^\n  File \"/usr/workspace/conftest.py\", line 42, in browser\n    browser = webdriver.Chrome(options=chrome_options)\n              ^^^^^^^^^^^^^^^^^^^^^^^^^^^^^^^^^^^^^^^^\n  File \"/usr/local/lib/python3.11/site-packages/selenium/webdriver/chrome/webdriver.py\", line 47, in __init__\n    super().__init__(\n  File \"/usr/local/lib/python3.11/site-packages/selenium/webdriver/chromium/webdriver.py\", line 69, in __init__\n    super().__init__(command_executor=executor, options=options)\n  File \"/usr/local/lib/python3.11/site-packages/selenium/webdriver/remote/webdriver.py\", line 263, in __init__\n    self.start_session(capabilities)\n  File \"/usr/local/lib/python3.11/site-packages/selenium/webdriver/remote/webdriver.py\", line 366, in start_session\n    response = self.execute(Command.NEW_SESSION, caps)[\"value\"]\n               ^^^^^^^^^^^^^^^^^^^^^^^^^^^^^^^^^^^^^^^\n  File \"/usr/local/lib/python3.11/site-packages/selenium/webdriver/remote/webdriver.py\", line 458, in execute\n    self.error_handler.check_response(response)\n  File \"/usr/local/lib/python3.11/site-packages/selenium/webdriver/remote/errorhandler.py\", line 232, in check_response\n    raise exception_class(message, screen, stacktrace)\n","steps":[{"name":"Запуск браузера: chrome.","time":{"start":1767787923168,"stop":1767787924059,"duration":891},"status":"broken","statusMessage":"selenium.common.exceptions.SessionNotCreatedException: Message: session not created: Chrome instance exited. Examine ChromeDriver verbose log to determine the cause.; For documentation on this error, please visit: https://www.selenium.dev/documentation/webdriver/troubleshooting/errors#sessionnotcreatedexception\nStacktrace:\n#0 0x5631d810240a <unknown>\n#1 0x5631d7b3676b <unknown>\n#2 0x5631d7b7088d <unknown>\n#3 0x5631d7b6c243 <unknown>\n#4 0x5631d7bbbdcc <unknown>\n#5 0x5631d7bbb4ec <unknown>\n#6 0x5631d7b7a7b2 <unknown>\n#7 0x5631d7b7b461 <unknown>\n#8 0x5631d80cadf9 <unknown>\n#9 0x5631d80cdd5d <unknown>\n#10 0x5631d80b3b41 <unknown>\n#11 0x5631d80ce93b <unknown>\n#12 0x5631d809a870 <unknown>\n#13 0x5631d80ef828 <unknown>\n#14 0x5631d80ef9fc <unknown>\n#15 0x5631d8101763 <unknown>\n#16 0x7f50ab74b1f5 <unknown>\n\n","statusTrace":"  File \"/usr/workspace/conftest.py\", line 42, in browser\n    browser = webdriver.Chrome(options=chrome_options)\n              ^^^^^^^^^^^^^^^^^^^^^^^^^^^^^^^^^^^^^^^^\n  File \"/usr/local/lib/python3.11/site-packages/selenium/webdriver/chrome/webdriver.py\", line 47, in __init__\n    super().__init__(\n  File \"/usr/local/lib/python3.11/site-packages/selenium/webdriver/chromium/webdriver.py\", line 69, in __init__\n    super().__init__(command_executor=executor, options=options)\n  File \"/usr/local/lib/python3.11/site-packages/selenium/webdriver/remote/webdriver.py\", line 263, in __init__\n    self.start_session(capabilities)\n  File \"/usr/local/lib/python3.11/site-packages/selenium/webdriver/remote/webdriver.py\", line 366, in start_session\n    response = self.execute(Command.NEW_SESSION, caps)[\"value\"]\n               ^^^^^^^^^^^^^^^^^^^^^^^^^^^^^^^^^^^^^^^\n  File \"/usr/local/lib/python3.11/site-packages/selenium/webdriver/remote/webdriver.py\", line 458, in execute\n    self.error_handler.check_response(response)\n  File \"/usr/local/lib/python3.11/site-packages/selenium/webdriver/remote/errorhandler.py\", line 232, in check_response\n    raise exception_class(message, screen, stacktrace)\n","steps":[{"name":"Браузер запущен в фоновом режиме","time":{"start":1767787923168,"stop":1767787923168,"duration":0},"status":"passed","steps":[],"attachments":[],"parameters":[],"shouldDisplayMessage":false,"stepsCount":0,"attachmentsCount":0,"hasContent":false,"attachmentStep":false}],"attachments":[],"parameters":[],"shouldDisplayMessage":true,"stepsCount":1,"attachmentsCount":0,"hasContent":true,"attachmentStep":false}],"attachments":[],"parameters":[],"shouldDisplayMessage":false,"stepsCount":2,"attachmentsCount":0,"hasContent":true,"attachmentStep":false},{"name":"setup","time":{"start":1767787925553,"stop":1767787925556,"duration":3},"status":"passed","steps":[],"attachments":[],"parameters":[],"shouldDisplayMessage":false,"stepsCount":0,"attachmentsCount":0,"hasContent":false,"attachmentStep":false},{"name":"pre_go_to_customize_desk_page","time":{"start":1767787925557,"stop":1767787926808,"duration":1251},"status":"passed","steps":[{"name":"Открыть страницу: http://testshop.qa-practice.com/shop/customizable-desk-9#attr=1,3","time":{"start":1767787925557,"stop":1767787926808,"duration":1251},"status":"passed","steps":[],"attachments":[],"parameters":[],"shouldDisplayMessage":false,"stepsCount":0,"attachmentsCount":0,"hasContent":false,"attachmentStep":false}],"attachments":[],"parameters":[],"shouldDisplayMessage":false,"stepsCount":1,"attachmentsCount":0,"hasContent":true,"attachmentStep":false}],"afterStages":[],"labels":[{"name":"severity","value":"critical"},{"name":"suite","value":"Страница товара"},{"name":"parentSuite","value":"tests"},{"name":"subSuite","value":"TestProductPage"},{"name":"host","value":"9c4e3683cae2"},{"name":"thread","value":"22-MainThread"},{"name":"framework","value":"pytest"},{"name":"language","value":"cpython3"},{"name":"package","value":"tests.test_product_page"},{"name":"resultFormat","value":"allure2"}],"parameters":[{"name":"exp_quan","value":"15"}],"links":[],"hidden":true,"retry":true,"extra":{"categories":[],"tags":[]},"source":"ae0881ce8d249beb.json","parameterValues":["15"]}